<?xml version="1.0" encoding="utf-8"?>
<shfbBuild product="Sandcastle Help File Builder and Tools" version="2025.3.22.0" projectFile="C:\Users\Utilisateur\Desktop\DocGestiondesabsences.shfbproj" started="03/06/2025 21:28:35">
<buildStep step="Initializing">
The Sandcastle tools are located in &#39;C:\Program Files (x86)\EWSoftware\Sandcastle Help File Builder&#39;
Locating components in the following folder(s):
    C:\Users\Utilisateur\Desktop
    C:\ProgramData\EWSoftware\Sandcastle Help File Builder\Components and Plug-Ins
    C:\Program Files (x86)\EWSoftware\Sandcastle Help File Builder\Components
Using framework reflection data for &#39;.NET Framework 4.8&#39; located in &#39;C:\Program Files (x86)\EWSoftware\Sandcastle Help File Builder\Data\.NETFramework&#39;
Using presentation style &#39;Default2022&#39; located in &#39;C:\Program Files (x86)\EWSoftware\Sandcastle Help File Builder\Components\Default2022&#39;
Loading and initializing plug-ins...
Website Table of Contents Generator Version 2025.3.22.0
Copyright &#169; 2006-2025, Eric Woodruff, All Rights Reserved
-------------------------------
Clearing any prior web/markdown output...
</buildStep>
<buildStep step="ValidatingDocumentationSources">
Validating and copying documentation source information
Source: C:\Users\Utilisateur\source\repos\GEstionAbsences1\GestionAbsences.WinForms\bin\Debug\GestionAbsences.WinForms.xml
Source: C:\Users\Utilisateur\source\repos\GEstionAbsences1\GestionAbsences.WinForms\bin\Debug\GestionAbsences.WinForms.exe
    Found assembly &#39;C:\Users\Utilisateur\source\repos\GEstionAbsences1\GestionAbsences.WinForms\bin\Debug\GestionAbsences.WinForms.exe&#39;

Copying XML comments files
    C:\Users\Utilisateur\source\repos\GEstionAbsences1\GestionAbsences.WinForms\bin\Debug\GestionAbsences.WinForms.xml -&gt; C:\Users\Utilisateur\Desktop\Help\Working\GestionAbsences.WinForms.xml
</buildStep>
<buildStep step="GenerateSharedContent">
Generating shared content files (en-US, Anglais (&#201;tats-Unis))...
    Last step completed in 00:00:00,0010
</buildStep>
<buildStep step="GenerateApiFilter">
Generating API filter for MRefBuilder...
    Last step completed in 00:00:00,0000
</buildStep>
<buildStep step="GenerateReflectionInfo">
Generating reflection information...
[C:\Program Files (x86)\Microsoft Visual Studio\2019\Enterprise\MSBuild\Current\Bin\MSBuild.exe - GenerateRefInfo-a434eac5-9d22-4641-829c-9117f8260e77.proj]
La g‚n‚ration a d‚marr‚ 03/06/2025 21:28:38.
Projet &quot;C:\Users\Utilisateur\Desktop\Help\Working\GenerateRefInfo-a434eac5-9d22-4641-829c-9117f8260e77.proj&quot; sur le noud 1 (cibles par d‚faut).
PrepareForBuild:
  Cr‚ation du r‚pertoire &quot;obj\Debug\&quot;.
GenerateBindingRedirects:
  Aucune redirection de liaison sugg‚r‚e … partir de ResolveAssemblyReferences.
GenerateRefInfo:
  Microsoft.Build (v16.11.2+f3225964253d565862806752e54a7608191a9035)
  &#184; Microsoft Corporation. All rights reserved.
  No source code context base path specified.  Source context information is unavailable.
  Loaded 1 assemblies for reflection and 1 dependency assemblies.
  Using framework redirect &#39;System, Version=4.0.0.0, Culture=neutral, PublicKeyToken=b77a5c561934e089&#39; in place of &#39;System, Version=4.0.0.0, Culture=neutral, PublicKeyToken=b77a5c561934e089&#39;
  Using framework redirect &#39;System.Windows.Forms, Version=4.0.0.0, Culture=neutral, PublicKeyToken=b77a5c561934e089&#39; in place of &#39;System.Windows.Forms, Version=4.0.0.0, Culture=neutral, PublicKeyToken=b77a5c561934e089&#39;
  Using framework redirect &#39;System.Data, Version=4.0.0.0, Culture=neutral, PublicKeyToken=b77a5c561934e089&#39; in place of &#39;System.Data, Version=4.0.0.0, Culture=neutral, PublicKeyToken=b77a5c561934e089&#39;
  Using framework redirect &#39;System.Drawing, Version=4.0.0.0, Culture=neutral, PublicKeyToken=b03f5f7f11d50a3a&#39; in place of &#39;System.Drawing, Version=4.0.0.0, Culture=neutral, PublicKeyToken=b03f5f7f11d50a3a&#39;
  Using framework redirect &#39;Accessibility, Version=4.0.0.0, Culture=neutral, PublicKeyToken=b03f5f7f11d50a3a&#39; in place of &#39;Accessibility, Version=4.0.0.0, Culture=neutral, PublicKeyToken=b03f5f7f11d50a3a&#39;
  Wrote information on 8 namespaces, 24 types, and 204 members
  Merging duplicate type and member information
  Merged 0 duplicate type(s) and 0 duplicate member(s)
G‚n‚ration du projet &quot;C:\Users\Utilisateur\Desktop\Help\Working\GenerateRefInfo-a434eac5-9d22-4641-829c-9117f8260e77.proj&quot; termin‚e (cibles par d‚faut).
    Last step completed in 00:00:01,3223
</buildStep>
<buildStep step="ApplyDocumentModel">
Applying document model to reflection output...
    Last step completed in 00:00:00,2294
</buildStep>
<buildStep step="AddApiTopicFilenames">
Adding topic filenames to API members...
    Last step completed in 00:00:00,1002
</buildStep>
<buildStep step="GenerateApiTopicManifest">
Generating API topic manifest...
    Last step completed in 00:00:00,0865
</buildStep>
<buildStep step="GenerateNamespaceSummaries">
Generating namespace summary information...
    Last step completed in 00:00:00,0745
</buildStep>
<buildStep step="CopyAdditionalContent">
Copying additional content files...
No additional content to copy
    Last step completed in 00:00:00,0000
</buildStep>
<buildStep step="MergeTablesOfContents">
Merging conceptual and additional tables of contents...
    Last step completed in 00:00:00,0001
</buildStep>
<buildStep step="GenerateIntermediateTableOfContents">
Generating intermediate table of contents file for API content...
Generating conceptual content intermediate TOC file...
    Last step completed in 00:00:00,0778
</buildStep>
<buildStep step="CreateBuildAssemblerConfigs">
Creating Sandcastle configuration files...
    Last step completed in 00:00:00,1598
</buildStep>
<buildStep step="CombiningIntermediateTocFiles">
Combining conceptual and API intermediate TOC files...
    Last step completed in 00:00:00,0010
</buildStep>
<buildStep step="MergeCustomConfigs">
Merging custom build component configurations
C:\Users\Utilisateur\Desktop\Help\Working\BuildAssembler.config
  Updating reference topic configurations.
  No conceptual content.  Removing conceptual content components.
    Last step completed in 00:00:00,0034
</buildStep>
<buildStep step="BuildTopics">
Building help topics...
<plugIn name="Website Table of Contents Generator" behavior="Before" priority="1000">
Loading TOC info and adding unique IDs to parent nodes
</plugIn>Loading configuration...
Processing topics...
SHFB: Warning BE0066: ShowMissingComponent: [N:GestionAbsences.WinForms] Missing &lt;summary&gt; documentation
SHFB: Warning BE0066: ShowMissingComponent: [T:GestionAbsences.WinForms.Program] Missing &lt;summary&gt; documentation
SHFB: Warning BE0066: ShowMissingComponent: [N:GestionAbsences.WinForms.bddmanager] Missing &lt;summary&gt; documentation
SHFB: Warning BE0066: ShowMissingComponent: [T:GestionAbsences.WinForms.bddmanager.BddManager] Missing &lt;summary&gt; documentation
SHFB: Warning BE0066: ResolveReferenceLinksComponent: [F:GestionAbsences.WinForms.bddmanager.BddManager.connection] Unknown reference link target &#39;T:MySql.Data.MySqlClient.MySqlConnection&#39;.
SHFB: Warning BE0066: ShowMissingComponent: [N:GestionAbsences.WinForms.controller] Missing &lt;summary&gt; documentation
SHFB: Warning BE0066: ShowMissingComponent: [T:GestionAbsences.WinForms.controller.AuthentificationController] Missing &lt;summary&gt; documentation
SHFB: Warning BE0066: ShowMissingComponent: [M:GestionAbsences.WinForms.controller.AuthentificationController.SeConnecter(System.String,System.String)] Missing &lt;summary&gt; documentation
SHFB: Warning BE0066: ShowMissingComponent: [M:GestionAbsences.WinForms.controller.AuthentificationController.SeConnecter(System.String,System.String)] Missing &lt;returns&gt; documentation
SHFB: Warning BE0066: ShowMissingComponent: [M:GestionAbsences.WinForms.controller.AuthentificationController.SeConnecter(System.String,System.String)] Missing &lt;param name=&quot;login&quot;/&gt; documentation
SHFB: Warning BE0066: ShowMissingComponent: [M:GestionAbsences.WinForms.controller.AuthentificationController.SeConnecter(System.String,System.String)] Missing &lt;param name=&quot;password&quot;/&gt; documentation
SHFB: Warning BE0066: ShowMissingComponent: [F:GestionAbsences.WinForms.controller.AuthentificationController.utilisateurDal] Missing &lt;summary&gt; documentation
SHFB: Warning BE0066: ShowMissingComponent: [N:GestionAbsences.WinForms.dal] Missing &lt;summary&gt; documentation
SHFB: Warning BE0066: ShowMissingComponent: [T:GestionAbsences.WinForms.dal.AbsenceDal] Missing &lt;summary&gt; documentation
SHFB: Warning BE0066: ShowMissingComponent: [M:GestionAbsences.WinForms.dal.AbsenceDal.AjouterAbsence(GestionAbsences.WinForms.Modele.Absence)] Missing &lt;summary&gt; documentation
SHFB: Warning BE0066: ShowMissingComponent: [M:GestionAbsences.WinForms.dal.AbsenceDal.AjouterAbsence(GestionAbsences.WinForms.Modele.Absence)] Missing &lt;param name=&quot;absence&quot;/&gt; documentation
SHFB: Warning BE0066: ShowMissingComponent: [F:GestionAbsences.WinForms.dal.AbsenceDal.ConnectionString] Missing &lt;summary&gt; documentation
SHFB: Warning BE0066: ShowMissingComponent: [M:GestionAbsences.WinForms.dal.AbsenceDal.ExisteAbsenceDansPeriode(System.Int32,System.DateTime,System.DateTime)] Missing &lt;summary&gt; documentation
SHFB: Warning BE0066: ShowMissingComponent: [M:GestionAbsences.WinForms.dal.AbsenceDal.ExisteAbsenceDansPeriode(System.Int32,System.DateTime,System.DateTime)] Missing &lt;returns&gt; documentation
SHFB: Warning BE0066: ShowMissingComponent: [M:GestionAbsences.WinForms.dal.AbsenceDal.ExisteAbsenceDansPeriode(System.Int32,System.DateTime,System.DateTime)] Missing &lt;param name=&quot;idpersonnel&quot;/&gt; documentation
SHFB: Warning BE0066: ShowMissingComponent: [M:GestionAbsences.WinForms.dal.AbsenceDal.ExisteAbsenceDansPeriode(System.Int32,System.DateTime,System.DateTime)] Missing &lt;param name=&quot;debut&quot;/&gt; documentation
SHFB: Warning BE0066: ShowMissingComponent: [M:GestionAbsences.WinForms.dal.AbsenceDal.ExisteAbsenceDansPeriode(System.Int32,System.DateTime,System.DateTime)] Missing &lt;param name=&quot;fin&quot;/&gt; documentation
SHFB: Warning BE0066: ShowMissingComponent: [M:GestionAbsences.WinForms.dal.AbsenceDal.ExisteAbsenceDansPeriodeModif(System.Int32,System.Int32,System.DateTime,System.DateTime)] Missing &lt;summary&gt; documentation
SHFB: Warning BE0066: ShowMissingComponent: [M:GestionAbsences.WinForms.dal.AbsenceDal.ExisteAbsenceDansPeriodeModif(System.Int32,System.Int32,System.DateTime,System.DateTime)] Missing &lt;returns&gt; documentation
SHFB: Warning BE0066: ShowMissingComponent: [M:GestionAbsences.WinForms.dal.AbsenceDal.ExisteAbsenceDansPeriodeModif(System.Int32,System.Int32,System.DateTime,System.DateTime)] Missing &lt;param name=&quot;idabsence&quot;/&gt; documentation
SHFB: Warning BE0066: ShowMissingComponent: [M:GestionAbsences.WinForms.dal.AbsenceDal.ExisteAbsenceDansPeriodeModif(System.Int32,System.Int32,System.DateTime,System.DateTime)] Missing &lt;param name=&quot;idpersonnel&quot;/&gt; documentation
SHFB: Warning BE0066: ShowMissingComponent: [M:GestionAbsences.WinForms.dal.AbsenceDal.ExisteAbsenceDansPeriodeModif(System.Int32,System.Int32,System.DateTime,System.DateTime)] Missing &lt;param name=&quot;debut&quot;/&gt; documentation
SHFB: Warning BE0066: ShowMissingComponent: [M:GestionAbsences.WinForms.dal.AbsenceDal.ExisteAbsenceDansPeriodeModif(System.Int32,System.Int32,System.DateTime,System.DateTime)] Missing &lt;param name=&quot;fin&quot;/&gt; documentation
SHFB: Warning BE0066: ShowMissingComponent: [M:GestionAbsences.WinForms.dal.AbsenceDal.GetAbsencesByPersonnel(System.Int32)] Missing &lt;summary&gt; documentation
SHFB: Warning BE0066: ShowMissingComponent: [M:GestionAbsences.WinForms.dal.AbsenceDal.GetAbsencesByPersonnel(System.Int32)] Missing &lt;returns&gt; documentation
SHFB: Warning BE0066: ShowMissingComponent: [M:GestionAbsences.WinForms.dal.AbsenceDal.GetAbsencesByPersonnel(System.Int32)] Missing &lt;param name=&quot;idpersonnel&quot;/&gt; documentation
SHFB: Warning BE0066: ShowMissingComponent: [M:GestionAbsences.WinForms.dal.AbsenceDal.GetAllAbsences] Missing &lt;summary&gt; documentation
SHFB: Warning BE0066: ShowMissingComponent: [M:GestionAbsences.WinForms.dal.AbsenceDal.GetAllAbsences] Missing &lt;returns&gt; documentation
SHFB: Warning BE0066: ShowMissingComponent: [M:GestionAbsences.WinForms.dal.AbsenceDal.ModifierAbsence(GestionAbsences.WinForms.Modele.Absence)] Missing &lt;summary&gt; documentation
SHFB: Warning BE0066: ShowMissingComponent: [M:GestionAbsences.WinForms.dal.AbsenceDal.ModifierAbsence(GestionAbsences.WinForms.Modele.Absence)] Missing &lt;param name=&quot;absence&quot;/&gt; documentation
SHFB: Warning BE0066: ShowMissingComponent: [M:GestionAbsences.WinForms.dal.AbsenceDal.SupprimerAbsence(System.Int32)] Missing &lt;summary&gt; documentation
SHFB: Warning BE0066: ShowMissingComponent: [M:GestionAbsences.WinForms.dal.AbsenceDal.SupprimerAbsence(System.Int32)] Missing &lt;param name=&quot;idabsence&quot;/&gt; documentation
SHFB: Warning BE0066: ShowMissingComponent: [T:GestionAbsences.WinForms.dal.DalBase] Missing &lt;summary&gt; documentation
SHFB: Warning BE0066: ShowMissingComponent: [T:GestionAbsences.WinForms.dal.PersonnelDal] Missing &lt;summary&gt; documentation
SHFB: Warning BE0066: ShowMissingComponent: [M:GestionAbsences.WinForms.dal.PersonnelDal.AjouterPersonnel(GestionAbsences.WinForms.Modele.Personnel)] Missing &lt;summary&gt; documentation
SHFB: Warning BE0066: ShowMissingComponent: [M:GestionAbsences.WinForms.dal.PersonnelDal.AjouterPersonnel(GestionAbsences.WinForms.Modele.Personnel)] Missing &lt;param name=&quot;personnel&quot;/&gt; documentation
SHFB: Warning BE0066: ShowMissingComponent: [F:GestionAbsences.WinForms.dal.PersonnelDal.ConnectionString] Missing &lt;summary&gt; documentation
SHFB: Warning BE0066: ShowMissingComponent: [M:GestionAbsences.WinForms.dal.PersonnelDal.GetAllPersonnel] Missing &lt;summary&gt; documentation
SHFB: Warning BE0066: ShowMissingComponent: [M:GestionAbsences.WinForms.dal.PersonnelDal.GetAllPersonnel] Missing &lt;returns&gt; documentation
SHFB: Warning BE0066: ShowMissingComponent: [M:GestionAbsences.WinForms.dal.PersonnelDal.ModifierPersonnel(GestionAbsences.WinForms.Modele.Personnel)] Missing &lt;summary&gt; documentation
SHFB: Warning BE0066: ShowMissingComponent: [M:GestionAbsences.WinForms.dal.PersonnelDal.ModifierPersonnel(GestionAbsences.WinForms.Modele.Personnel)] Missing &lt;param name=&quot;personnel&quot;/&gt; documentation
SHFB: Warning BE0066: ShowMissingComponent: [M:GestionAbsences.WinForms.dal.PersonnelDal.SupprimerPersonnel(System.Int32)] Missing &lt;summary&gt; documentation
SHFB: Warning BE0066: ShowMissingComponent: [M:GestionAbsences.WinForms.dal.PersonnelDal.SupprimerPersonnel(System.Int32)] Missing &lt;param name=&quot;idpersonnel&quot;/&gt; documentation
SHFB: Warning BE0066: ShowMissingComponent: [T:GestionAbsences.WinForms.dal.Service] Missing &lt;summary&gt; documentation
SHFB: Warning BE0066: ShowMissingComponent: [P:GestionAbsences.WinForms.dal.Service.Id] Missing &lt;summary&gt; documentation
SHFB: Warning BE0066: ShowMissingComponent: [P:GestionAbsences.WinForms.dal.Service.Nom] Missing &lt;summary&gt; documentation
SHFB: Warning BE0066: ShowMissingComponent: [T:GestionAbsences.WinForms.dal.ServiceDal] Missing &lt;summary&gt; documentation
SHFB: Warning BE0066: ShowMissingComponent: [F:GestionAbsences.WinForms.dal.ServiceDal.ConnectionString] Missing &lt;summary&gt; documentation
SHFB: Warning BE0066: ShowMissingComponent: [M:GestionAbsences.WinForms.dal.ServiceDal.GetAllServices] Missing &lt;summary&gt; documentation
SHFB: Warning BE0066: ShowMissingComponent: [M:GestionAbsences.WinForms.dal.ServiceDal.GetAllServices] Missing &lt;returns&gt; documentation
SHFB: Warning BE0066: ShowMissingComponent: [T:GestionAbsences.WinForms.dal.UtilisateurDal] Missing &lt;summary&gt; documentation
SHFB: Warning BE0066: ShowMissingComponent: [M:GestionAbsences.WinForms.dal.UtilisateurDal.GetUtilisateur(System.String,System.String)] Missing &lt;summary&gt; documentation
SHFB: Warning BE0066: ShowMissingComponent: [M:GestionAbsences.WinForms.dal.UtilisateurDal.GetUtilisateur(System.String,System.String)] Missing &lt;returns&gt; documentation
SHFB: Warning BE0066: ShowMissingComponent: [M:GestionAbsences.WinForms.dal.UtilisateurDal.GetUtilisateur(System.String,System.String)] Missing &lt;param name=&quot;login&quot;/&gt; documentation
SHFB: Warning BE0066: ShowMissingComponent: [M:GestionAbsences.WinForms.dal.UtilisateurDal.GetUtilisateur(System.String,System.String)] Missing &lt;param name=&quot;password&quot;/&gt; documentation
SHFB: Warning BE0066: ShowMissingComponent: [N:GestionAbsences.WinForms.model] Missing &lt;summary&gt; documentation
SHFB: Warning BE0066: ShowMissingComponent: [T:GestionAbsences.WinForms.model.Utilisateur] Missing &lt;summary&gt; documentation
SHFB: Warning BE0066: ShowMissingComponent: [P:GestionAbsences.WinForms.model.Utilisateur.Login] Missing &lt;summary&gt; documentation
SHFB: Warning BE0066: ShowMissingComponent: [P:GestionAbsences.WinForms.model.Utilisateur.Password] Missing &lt;summary&gt; documentation
SHFB: Warning BE0066: ShowMissingComponent: [N:GestionAbsences.WinForms.Modele] Missing &lt;summary&gt; documentation
SHFB: Warning BE0066: ShowMissingComponent: [P:GestionAbsences.WinForms.Modele.Absence.idabsence] Missing &lt;summary&gt; documentation
SHFB: Warning BE0066: ShowMissingComponent: [P:GestionAbsences.WinForms.Modele.Personnel.idpersonnel] Missing &lt;summary&gt; documentation
SHFB: Warning BE0066: ShowMissingComponent: [P:GestionAbsences.WinForms.Modele.Personnel.idservice] Missing &lt;summary&gt; documentation
SHFB: Warning BE0066: ShowMissingComponent: [P:GestionAbsences.WinForms.Modele.Personnel.mail] Missing &lt;summary&gt; documentation
SHFB: Warning BE0066: ShowMissingComponent: [P:GestionAbsences.WinForms.Modele.Personnel.nom] Missing &lt;summary&gt; documentation
SHFB: Warning BE0066: ShowMissingComponent: [P:GestionAbsences.WinForms.Modele.Personnel.prenom] Missing &lt;summary&gt; documentation
SHFB: Warning BE0066: ShowMissingComponent: [P:GestionAbsences.WinForms.Modele.Personnel.tel] Missing &lt;summary&gt; documentation
SHFB: Warning BE0066: ShowMissingComponent: [N:GestionAbsences.WinForms.utils] Missing &lt;summary&gt; documentation
SHFB: Warning BE0066: ShowMissingComponent: [N:GestionAbsences.WinForms.view] Missing &lt;summary&gt; documentation
SHFB: Warning BE0066: ShowMissingComponent: [T:GestionAbsences.WinForms.view.FormAbsence] Missing &lt;summary&gt; documentation
SHFB: Warning BE0066: ShowMissingComponent: [M:GestionAbsences.WinForms.view.FormAbsence.#ctor(GestionAbsences.WinForms.Modele.Personnel)] Missing &lt;param name=&quot;personnel&quot;/&gt; documentation
SHFB: Warning BE0066: ShowMissingComponent: [F:GestionAbsences.WinForms.view.FormAbsence.btnAjouter] Missing &lt;summary&gt; documentation
SHFB: Warning BE0066: ShowMissingComponent: [M:GestionAbsences.WinForms.view.FormAbsence.btnAjouter_Click(System.Object,System.EventArgs)] Missing &lt;summary&gt; documentation
SHFB: Warning BE0066: ShowMissingComponent: [M:GestionAbsences.WinForms.view.FormAbsence.btnAjouter_Click(System.Object,System.EventArgs)] Missing &lt;param name=&quot;sender&quot;/&gt; documentation
SHFB: Warning BE0066: ShowMissingComponent: [M:GestionAbsences.WinForms.view.FormAbsence.btnAjouter_Click(System.Object,System.EventArgs)] Missing &lt;param name=&quot;e&quot;/&gt; documentation
SHFB: Warning BE0066: ShowMissingComponent: [F:GestionAbsences.WinForms.view.FormAbsence.btnModifier] Missing &lt;summary&gt; documentation
SHFB: Warning BE0066: ShowMissingComponent: [M:GestionAbsences.WinForms.view.FormAbsence.btnModifier_Click(System.Object,System.EventArgs)] Missing &lt;summary&gt; documentation
SHFB: Warning BE0066: ShowMissingComponent: [M:GestionAbsences.WinForms.view.FormAbsence.btnModifier_Click(System.Object,System.EventArgs)] Missing &lt;param name=&quot;sender&quot;/&gt; documentation
SHFB: Warning BE0066: ShowMissingComponent: [M:GestionAbsences.WinForms.view.FormAbsence.btnModifier_Click(System.Object,System.EventArgs)] Missing &lt;param name=&quot;e&quot;/&gt; documentation
SHFB: Warning BE0066: ShowMissingComponent: [F:GestionAbsences.WinForms.view.FormAbsence.btnSupprimer] Missing &lt;summary&gt; documentation
SHFB: Warning BE0066: ShowMissingComponent: [M:GestionAbsences.WinForms.view.FormAbsence.btnSupprimer_Click(System.Object,System.EventArgs)] Missing &lt;summary&gt; documentation
SHFB: Warning BE0066: ShowMissingComponent: [M:GestionAbsences.WinForms.view.FormAbsence.btnSupprimer_Click(System.Object,System.EventArgs)] Missing &lt;param name=&quot;sender&quot;/&gt; documentation
SHFB: Warning BE0066: ShowMissingComponent: [M:GestionAbsences.WinForms.view.FormAbsence.btnSupprimer_Click(System.Object,System.EventArgs)] Missing &lt;param name=&quot;e&quot;/&gt; documentation
SHFB: Warning BE0066: ShowMissingComponent: [M:GestionAbsences.WinForms.view.FormAbsence.ChargerAbsences(System.Int32)] Missing &lt;summary&gt; documentation
SHFB: Warning BE0066: ShowMissingComponent: [M:GestionAbsences.WinForms.view.FormAbsence.ChargerAbsences(System.Int32)] Missing &lt;param name=&quot;idPersonnel&quot;/&gt; documentation
SHFB: Warning BE0066: ShowMissingComponent: [M:GestionAbsences.WinForms.view.FormAbsence.ChargerAbsencesTous] Missing &lt;summary&gt; documentation
SHFB: Warning BE0066: ShowMissingComponent: [F:GestionAbsences.WinForms.view.FormAbsence.dataGridViewAbsences] Missing &lt;summary&gt; documentation
SHFB: Warning BE0066: ShowMissingComponent: [M:GestionAbsences.WinForms.view.FormAbsence.FormAbsences_Load(System.Object,System.EventArgs)] Missing &lt;summary&gt; documentation
SHFB: Warning BE0066: ShowMissingComponent: [M:GestionAbsences.WinForms.view.FormAbsence.FormAbsences_Load(System.Object,System.EventArgs)] Missing &lt;param name=&quot;sender&quot;/&gt; documentation
SHFB: Warning BE0066: ShowMissingComponent: [M:GestionAbsences.WinForms.view.FormAbsence.FormAbsences_Load(System.Object,System.EventArgs)] Missing &lt;param name=&quot;e&quot;/&gt; documentation
SHFB: Warning BE0066: ShowMissingComponent: [F:GestionAbsences.WinForms.view.FormAbsence.label3] Missing &lt;summary&gt; documentation
SHFB: Warning BE0066: ShowMissingComponent: [F:GestionAbsences.WinForms.view.FormAbsence.label4] Missing &lt;summary&gt; documentation
SHFB: Warning BE0066: ShowMissingComponent: [F:GestionAbsences.WinForms.view.FormAbsence.personnel] Missing &lt;summary&gt; documentation
SHFB: Warning BE0066: ShowMissingComponent: [T:GestionAbsences.WinForms.view.FormAjoutAbsence] Missing &lt;summary&gt; documentation
SHFB: Warning BE0066: ShowMissingComponent: [M:GestionAbsences.WinForms.view.FormAjoutAbsence.#ctor(GestionAbsences.WinForms.Modele.Personnel)] Missing &lt;param name=&quot;personnel&quot;/&gt; documentation
SHFB: Warning BE0066: ShowMissingComponent: [F:GestionAbsences.WinForms.view.FormAjoutAbsence.btnAnnuler] Missing &lt;summary&gt; documentation
SHFB: Warning BE0066: ShowMissingComponent: [M:GestionAbsences.WinForms.view.FormAjoutAbsence.btnAnnuler_Click(System.Object,System.EventArgs)] Missing &lt;summary&gt; documentation
SHFB: Warning BE0066: ShowMissingComponent: [M:GestionAbsences.WinForms.view.FormAjoutAbsence.btnAnnuler_Click(System.Object,System.EventArgs)] Missing &lt;param name=&quot;sender&quot;/&gt; documentation
SHFB: Warning BE0066: ShowMissingComponent: [M:GestionAbsences.WinForms.view.FormAjoutAbsence.btnAnnuler_Click(System.Object,System.EventArgs)] Missing &lt;param name=&quot;e&quot;/&gt; documentation
SHFB: Warning BE0066: ShowMissingComponent: [F:GestionAbsences.WinForms.view.FormAjoutAbsence.btnEnregistrer] Missing &lt;summary&gt; documentation
SHFB: Warning BE0066: ShowMissingComponent: [M:GestionAbsences.WinForms.view.FormAjoutAbsence.btnEnregistrer_Click(System.Object,System.EventArgs)] Missing &lt;summary&gt; documentation
SHFB: Warning BE0066: ShowMissingComponent: [M:GestionAbsences.WinForms.view.FormAjoutAbsence.btnEnregistrer_Click(System.Object,System.EventArgs)] Missing &lt;param name=&quot;sender&quot;/&gt; documentation
SHFB: Warning BE0066: ShowMissingComponent: [M:GestionAbsences.WinForms.view.FormAjoutAbsence.btnEnregistrer_Click(System.Object,System.EventArgs)] Missing &lt;param name=&quot;e&quot;/&gt; documentation
SHFB: Warning BE0066: ShowMissingComponent: [F:GestionAbsences.WinForms.view.FormAjoutAbsence.comboBoxMotif] Missing &lt;summary&gt; documentation
SHFB: Warning BE0066: ShowMissingComponent: [F:GestionAbsences.WinForms.view.FormAjoutAbsence.dateTimePickerDebut] Missing &lt;summary&gt; documentation
SHFB: Warning BE0066: ShowMissingComponent: [F:GestionAbsences.WinForms.view.FormAjoutAbsence.dateTimePickerFin] Missing &lt;summary&gt; documentation
SHFB: Warning BE0066: ShowMissingComponent: [M:GestionAbsences.WinForms.view.FormAjoutAbsence.FormAjoutAbsence_Load(System.Object,System.EventArgs)] Missing &lt;summary&gt; documentation
SHFB: Warning BE0066: ShowMissingComponent: [M:GestionAbsences.WinForms.view.FormAjoutAbsence.FormAjoutAbsence_Load(System.Object,System.EventArgs)] Missing &lt;param name=&quot;sender&quot;/&gt; documentation
SHFB: Warning BE0066: ShowMissingComponent: [M:GestionAbsences.WinForms.view.FormAjoutAbsence.FormAjoutAbsence_Load(System.Object,System.EventArgs)] Missing &lt;param name=&quot;e&quot;/&gt; documentation
SHFB: Warning BE0066: ShowMissingComponent: [F:GestionAbsences.WinForms.view.FormAjoutAbsence.label1] Missing &lt;summary&gt; documentation
SHFB: Warning BE0066: ShowMissingComponent: [F:GestionAbsences.WinForms.view.FormAjoutAbsence.label2] Missing &lt;summary&gt; documentation
SHFB: Warning BE0066: ShowMissingComponent: [F:GestionAbsences.WinForms.view.FormAjoutAbsence.label3] Missing &lt;summary&gt; documentation
SHFB: Warning BE0066: ShowMissingComponent: [F:GestionAbsences.WinForms.view.FormAjoutAbsence.label4] Missing &lt;summary&gt; documentation
SHFB: Warning BE0066: ShowMissingComponent: [F:GestionAbsences.WinForms.view.FormAjoutAbsence.lblErreur] Missing &lt;summary&gt; documentation
SHFB: Warning BE0066: ShowMissingComponent: [F:GestionAbsences.WinForms.view.FormAjoutAbsence.personnel] Missing &lt;summary&gt; documentation
SHFB: Warning BE0066: ShowMissingComponent: [T:GestionAbsences.WinForms.view.FormAjoutPersonnel] Missing &lt;summary&gt; documentation
SHFB: Warning BE0066: ShowMissingComponent: [F:GestionAbsences.WinForms.view.FormAjoutPersonnel.btnEnregistrer] Missing &lt;summary&gt; documentation
SHFB: Warning BE0066: ShowMissingComponent: [M:GestionAbsences.WinForms.view.FormAjoutPersonnel.btnEnregistrer_Click(System.Object,System.EventArgs)] Missing &lt;summary&gt; documentation
SHFB: Warning BE0066: ShowMissingComponent: [M:GestionAbsences.WinForms.view.FormAjoutPersonnel.btnEnregistrer_Click(System.Object,System.EventArgs)] Missing &lt;param name=&quot;sender&quot;/&gt; documentation
SHFB: Warning BE0066: ShowMissingComponent: [M:GestionAbsences.WinForms.view.FormAjoutPersonnel.btnEnregistrer_Click(System.Object,System.EventArgs)] Missing &lt;param name=&quot;e&quot;/&gt; documentation
SHFB: Warning BE0066: ShowMissingComponent: [F:GestionAbsences.WinForms.view.FormAjoutPersonnel.button2] Missing &lt;summary&gt; documentation
SHFB: Warning BE0066: ShowMissingComponent: [M:GestionAbsences.WinForms.view.FormAjoutPersonnel.button2_Click(System.Object,System.EventArgs)] Missing &lt;summary&gt; documentation
SHFB: Warning BE0066: ShowMissingComponent: [M:GestionAbsences.WinForms.view.FormAjoutPersonnel.button2_Click(System.Object,System.EventArgs)] Missing &lt;param name=&quot;sender&quot;/&gt; documentation
SHFB: Warning BE0066: ShowMissingComponent: [M:GestionAbsences.WinForms.view.FormAjoutPersonnel.button2_Click(System.Object,System.EventArgs)] Missing &lt;param name=&quot;e&quot;/&gt; documentation
SHFB: Warning BE0066: ShowMissingComponent: [F:GestionAbsences.WinForms.view.FormAjoutPersonnel.comboBoxService] Missing &lt;summary&gt; documentation
SHFB: Warning BE0066: ShowMissingComponent: [M:GestionAbsences.WinForms.view.FormAjoutPersonnel.FormAjoutPersonnel_Load(System.Object,System.EventArgs)] Missing &lt;summary&gt; documentation
SHFB: Warning BE0066: ShowMissingComponent: [M:GestionAbsences.WinForms.view.FormAjoutPersonnel.FormAjoutPersonnel_Load(System.Object,System.EventArgs)] Missing &lt;param name=&quot;sender&quot;/&gt; documentation
SHFB: Warning BE0066: ShowMissingComponent: [M:GestionAbsences.WinForms.view.FormAjoutPersonnel.FormAjoutPersonnel_Load(System.Object,System.EventArgs)] Missing &lt;param name=&quot;e&quot;/&gt; documentation
SHFB: Warning BE0066: ShowMissingComponent: [F:GestionAbsences.WinForms.view.FormAjoutPersonnel.label1] Missing &lt;summary&gt; documentation
SHFB: Warning BE0066: ShowMissingComponent: [F:GestionAbsences.WinForms.view.FormAjoutPersonnel.label2] Missing &lt;summary&gt; documentation
SHFB: Warning BE0066: ShowMissingComponent: [F:GestionAbsences.WinForms.view.FormAjoutPersonnel.label3] Missing &lt;summary&gt; documentation
SHFB: Warning BE0066: ShowMissingComponent: [F:GestionAbsences.WinForms.view.FormAjoutPersonnel.label4] Missing &lt;summary&gt; documentation
SHFB: Warning BE0066: ShowMissingComponent: [F:GestionAbsences.WinForms.view.FormAjoutPersonnel.label5] Missing &lt;summary&gt; documentation
SHFB: Warning BE0066: ShowMissingComponent: [F:GestionAbsences.WinForms.view.FormAjoutPersonnel.label6] Missing &lt;summary&gt; documentation
SHFB: Warning BE0066: ShowMissingComponent: [F:GestionAbsences.WinForms.view.FormAjoutPersonnel.lblErreur] Missing &lt;summary&gt; documentation
SHFB: Warning BE0066: ShowMissingComponent: [F:GestionAbsences.WinForms.view.FormAjoutPersonnel.txtMail] Missing &lt;summary&gt; documentation
SHFB: Warning BE0066: ShowMissingComponent: [F:GestionAbsences.WinForms.view.FormAjoutPersonnel.txtNom] Missing &lt;summary&gt; documentation
SHFB: Warning BE0066: ShowMissingComponent: [F:GestionAbsences.WinForms.view.FormAjoutPersonnel.txtPrenom] Missing &lt;summary&gt; documentation
SHFB: Warning BE0066: ShowMissingComponent: [F:GestionAbsences.WinForms.view.FormAjoutPersonnel.txtTel] Missing &lt;summary&gt; documentation
SHFB: Warning BE0066: ShowMissingComponent: [T:GestionAbsences.WinForms.view.FormConnexion] Missing &lt;summary&gt; documentation
SHFB: Warning BE0066: ShowMissingComponent: [F:GestionAbsences.WinForms.view.FormConnexion.btnLogin] Missing &lt;summary&gt; documentation
SHFB: Warning BE0066: ShowMissingComponent: [M:GestionAbsences.WinForms.view.FormConnexion.btnLogin_Click(System.Object,System.EventArgs)] Missing &lt;summary&gt; documentation
SHFB: Warning BE0066: ShowMissingComponent: [M:GestionAbsences.WinForms.view.FormConnexion.btnLogin_Click(System.Object,System.EventArgs)] Missing &lt;param name=&quot;sender&quot;/&gt; documentation
SHFB: Warning BE0066: ShowMissingComponent: [M:GestionAbsences.WinForms.view.FormConnexion.btnLogin_Click(System.Object,System.EventArgs)] Missing &lt;param name=&quot;e&quot;/&gt; documentation
SHFB: Warning BE0066: ShowMissingComponent: [F:GestionAbsences.WinForms.view.FormConnexion.btnTogglePwd] Missing &lt;summary&gt; documentation
SHFB: Warning BE0066: ShowMissingComponent: [M:GestionAbsences.WinForms.view.FormConnexion.btnTogglePwd_Click(System.Object,System.EventArgs)] Missing &lt;summary&gt; documentation
SHFB: Warning BE0066: ShowMissingComponent: [M:GestionAbsences.WinForms.view.FormConnexion.btnTogglePwd_Click(System.Object,System.EventArgs)] Missing &lt;param name=&quot;sender&quot;/&gt; documentation
SHFB: Warning BE0066: ShowMissingComponent: [M:GestionAbsences.WinForms.view.FormConnexion.btnTogglePwd_Click(System.Object,System.EventArgs)] Missing &lt;param name=&quot;e&quot;/&gt; documentation
SHFB: Warning BE0066: ShowMissingComponent: [F:GestionAbsences.WinForms.view.FormConnexion.components] Missing &lt;summary&gt; documentation
SHFB: Warning BE0066: ShowMissingComponent: [M:GestionAbsences.WinForms.view.FormConnexion.FormConnexion_Load(System.Object,System.EventArgs)] Missing &lt;summary&gt; documentation
SHFB: Warning BE0066: ShowMissingComponent: [M:GestionAbsences.WinForms.view.FormConnexion.FormConnexion_Load(System.Object,System.EventArgs)] Missing &lt;param name=&quot;sender&quot;/&gt; documentation
SHFB: Warning BE0066: ShowMissingComponent: [M:GestionAbsences.WinForms.view.FormConnexion.FormConnexion_Load(System.Object,System.EventArgs)] Missing &lt;param name=&quot;e&quot;/&gt; documentation
SHFB: Warning BE0066: ShowMissingComponent: [F:GestionAbsences.WinForms.view.FormConnexion.label1] Missing &lt;summary&gt; documentation
SHFB: Warning BE0066: ShowMissingComponent: [F:GestionAbsences.WinForms.view.FormConnexion.label2] Missing &lt;summary&gt; documentation
SHFB: Warning BE0066: ShowMissingComponent: [F:GestionAbsences.WinForms.view.FormConnexion.label3] Missing &lt;summary&gt; documentation
SHFB: Warning BE0066: ShowMissingComponent: [F:GestionAbsences.WinForms.view.FormConnexion.label4] Missing &lt;summary&gt; documentation
SHFB: Warning BE0066: ShowMissingComponent: [F:GestionAbsences.WinForms.view.FormConnexion.label5] Missing &lt;summary&gt; documentation
SHFB: Warning BE0066: ShowMissingComponent: [F:GestionAbsences.WinForms.view.FormConnexion.lblMessage] Missing &lt;summary&gt; documentation
SHFB: Warning BE0066: ShowMissingComponent: [F:GestionAbsences.WinForms.view.FormConnexion.passwordVisible] Missing &lt;summary&gt; documentation
SHFB: Warning BE0066: ShowMissingComponent: [F:GestionAbsences.WinForms.view.FormConnexion.txtLogin] Missing &lt;summary&gt; documentation
SHFB: Warning BE0066: ShowMissingComponent: [F:GestionAbsences.WinForms.view.FormConnexion.txtPassword] Missing &lt;summary&gt; documentation
SHFB: Warning BE0066: ShowMissingComponent: [F:GestionAbsences.WinForms.view.FormConnexion.utilisateurDal] Missing &lt;summary&gt; documentation
SHFB: Warning BE0066: ShowMissingComponent: [T:GestionAbsences.WinForms.view.FormModifierAbsence] Missing &lt;summary&gt; documentation
SHFB: Warning BE0066: ShowMissingComponent: [M:GestionAbsences.WinForms.view.FormModifierAbsence.#ctor(GestionAbsences.WinForms.Modele.Absence)] Missing &lt;param name=&quot;absence&quot;/&gt; documentation
SHFB: Warning BE0066: ShowMissingComponent: [F:GestionAbsences.WinForms.view.FormModifierAbsence.absence] Missing &lt;summary&gt; documentation
SHFB: Warning BE0066: ShowMissingComponent: [F:GestionAbsences.WinForms.view.FormModifierAbsence.btnAnnuler] Missing &lt;summary&gt; documentation
SHFB: Warning BE0066: ShowMissingComponent: [M:GestionAbsences.WinForms.view.FormModifierAbsence.btnAnnuler_Click(System.Object,System.EventArgs)] Missing &lt;summary&gt; documentation
SHFB: Warning BE0066: ShowMissingComponent: [M:GestionAbsences.WinForms.view.FormModifierAbsence.btnAnnuler_Click(System.Object,System.EventArgs)] Missing &lt;param name=&quot;sender&quot;/&gt; documentation
SHFB: Warning BE0066: ShowMissingComponent: [M:GestionAbsences.WinForms.view.FormModifierAbsence.btnAnnuler_Click(System.Object,System.EventArgs)] Missing &lt;param name=&quot;e&quot;/&gt; documentation
SHFB: Warning BE0066: ShowMissingComponent: [F:GestionAbsences.WinForms.view.FormModifierAbsence.btnEnregistrer] Missing &lt;summary&gt; documentation
SHFB: Warning BE0066: ShowMissingComponent: [M:GestionAbsences.WinForms.view.FormModifierAbsence.btnEnregistrer_Click(System.Object,System.EventArgs)] Missing &lt;summary&gt; documentation
SHFB: Warning BE0066: ShowMissingComponent: [M:GestionAbsences.WinForms.view.FormModifierAbsence.btnEnregistrer_Click(System.Object,System.EventArgs)] Missing &lt;param name=&quot;sender&quot;/&gt; documentation
SHFB: Warning BE0066: ShowMissingComponent: [M:GestionAbsences.WinForms.view.FormModifierAbsence.btnEnregistrer_Click(System.Object,System.EventArgs)] Missing &lt;param name=&quot;e&quot;/&gt; documentation
SHFB: Warning BE0066: ShowMissingComponent: [F:GestionAbsences.WinForms.view.FormModifierAbsence.comboBoxMotif] Missing &lt;summary&gt; documentation
SHFB: Warning BE0066: ShowMissingComponent: [F:GestionAbsences.WinForms.view.FormModifierAbsence.dateTimePickerDebut] Missing &lt;summary&gt; documentation
SHFB: Warning BE0066: ShowMissingComponent: [F:GestionAbsences.WinForms.view.FormModifierAbsence.dateTimePickerFin] Missing &lt;summary&gt; documentation
SHFB: Warning BE0066: ShowMissingComponent: [M:GestionAbsences.WinForms.view.FormModifierAbsence.FormModifierAbsence_Load(System.Object,System.EventArgs)] Missing &lt;summary&gt; documentation
SHFB: Warning BE0066: ShowMissingComponent: [M:GestionAbsences.WinForms.view.FormModifierAbsence.FormModifierAbsence_Load(System.Object,System.EventArgs)] Missing &lt;param name=&quot;sender&quot;/&gt; documentation
SHFB: Warning BE0066: ShowMissingComponent: [M:GestionAbsences.WinForms.view.FormModifierAbsence.FormModifierAbsence_Load(System.Object,System.EventArgs)] Missing &lt;param name=&quot;e&quot;/&gt; documentation
SHFB: Warning BE0066: ShowMissingComponent: [F:GestionAbsences.WinForms.view.FormModifierAbsence.label1] Missing &lt;summary&gt; documentation
SHFB: Warning BE0066: ShowMissingComponent: [F:GestionAbsences.WinForms.view.FormModifierAbsence.label2] Missing &lt;summary&gt; documentation
SHFB: Warning BE0066: ShowMissingComponent: [F:GestionAbsences.WinForms.view.FormModifierAbsence.label3] Missing &lt;summary&gt; documentation
SHFB: Warning BE0066: ShowMissingComponent: [F:GestionAbsences.WinForms.view.FormModifierAbsence.label4] Missing &lt;summary&gt; documentation
SHFB: Warning BE0066: ShowMissingComponent: [F:GestionAbsences.WinForms.view.FormModifierAbsence.lblErreur] Missing &lt;summary&gt; documentation
SHFB: Warning BE0066: ShowMissingComponent: [T:GestionAbsences.WinForms.view.FormModifierPersonnel] Missing &lt;summary&gt; documentation
SHFB: Warning BE0066: ShowMissingComponent: [M:GestionAbsences.WinForms.view.FormModifierPersonnel.#ctor(GestionAbsences.WinForms.Modele.Personnel)] Missing &lt;param name=&quot;personnel&quot;/&gt; documentation
SHFB: Warning BE0066: ShowMissingComponent: [F:GestionAbsences.WinForms.view.FormModifierPersonnel.btnEnregistrer] Missing &lt;summary&gt; documentation
SHFB: Warning BE0066: ShowMissingComponent: [M:GestionAbsences.WinForms.view.FormModifierPersonnel.btnEnregistrer_Click(System.Object,System.EventArgs)] Missing &lt;summary&gt; documentation
SHFB: Warning BE0066: ShowMissingComponent: [M:GestionAbsences.WinForms.view.FormModifierPersonnel.btnEnregistrer_Click(System.Object,System.EventArgs)] Missing &lt;param name=&quot;sender&quot;/&gt; documentation
SHFB: Warning BE0066: ShowMissingComponent: [M:GestionAbsences.WinForms.view.FormModifierPersonnel.btnEnregistrer_Click(System.Object,System.EventArgs)] Missing &lt;param name=&quot;e&quot;/&gt; documentation
SHFB: Warning BE0066: ShowMissingComponent: [F:GestionAbsences.WinForms.view.FormModifierPersonnel.button2] Missing &lt;summary&gt; documentation
SHFB: Warning BE0066: ShowMissingComponent: [F:GestionAbsences.WinForms.view.FormModifierPersonnel.comboBoxService] Missing &lt;summary&gt; documentation
SHFB: Warning BE0066: ShowMissingComponent: [M:GestionAbsences.WinForms.view.FormModifierPersonnel.FormModifierPersonnel_Load(System.Object,System.EventArgs)] Missing &lt;summary&gt; documentation
SHFB: Warning BE0066: ShowMissingComponent: [M:GestionAbsences.WinForms.view.FormModifierPersonnel.FormModifierPersonnel_Load(System.Object,System.EventArgs)] Missing &lt;param name=&quot;sender&quot;/&gt; documentation
SHFB: Warning BE0066: ShowMissingComponent: [M:GestionAbsences.WinForms.view.FormModifierPersonnel.FormModifierPersonnel_Load(System.Object,System.EventArgs)] Missing &lt;param name=&quot;e&quot;/&gt; documentation
SHFB: Warning BE0066: ShowMissingComponent: [F:GestionAbsences.WinForms.view.FormModifierPersonnel.label1] Missing &lt;summary&gt; documentation
SHFB: Warning BE0066: ShowMissingComponent: [F:GestionAbsences.WinForms.view.FormModifierPersonnel.label2] Missing &lt;summary&gt; documentation
SHFB: Warning BE0066: ShowMissingComponent: [F:GestionAbsences.WinForms.view.FormModifierPersonnel.label3] Missing &lt;summary&gt; documentation
SHFB: Warning BE0066: ShowMissingComponent: [F:GestionAbsences.WinForms.view.FormModifierPersonnel.label4] Missing &lt;summary&gt; documentation
SHFB: Warning BE0066: ShowMissingComponent: [F:GestionAbsences.WinForms.view.FormModifierPersonnel.label5] Missing &lt;summary&gt; documentation
SHFB: Warning BE0066: ShowMissingComponent: [F:GestionAbsences.WinForms.view.FormModifierPersonnel.label6] Missing &lt;summary&gt; documentation
SHFB: Warning BE0066: ShowMissingComponent: [F:GestionAbsences.WinForms.view.FormModifierPersonnel.lblErreur] Missing &lt;summary&gt; documentation
SHFB: Warning BE0066: ShowMissingComponent: [F:GestionAbsences.WinForms.view.FormModifierPersonnel.personnel] Missing &lt;summary&gt; documentation
SHFB: Warning BE0066: ShowMissingComponent: [F:GestionAbsences.WinForms.view.FormModifierPersonnel.txtMail] Missing &lt;summary&gt; documentation
SHFB: Warning BE0066: ShowMissingComponent: [F:GestionAbsences.WinForms.view.FormModifierPersonnel.txtNom] Missing &lt;summary&gt; documentation
SHFB: Warning BE0066: ShowMissingComponent: [F:GestionAbsences.WinForms.view.FormModifierPersonnel.txtPrenom] Missing &lt;summary&gt; documentation
SHFB: Warning BE0066: ShowMissingComponent: [F:GestionAbsences.WinForms.view.FormModifierPersonnel.txtTel] Missing &lt;summary&gt; documentation
SHFB: Warning BE0066: ShowMissingComponent: [T:GestionAbsences.WinForms.view.FormPersonnel] Missing &lt;summary&gt; documentation
SHFB: Warning BE0066: ShowMissingComponent: [F:GestionAbsences.WinForms.view.FormPersonnel.btnAbsences] Missing &lt;summary&gt; documentation
SHFB: Warning BE0066: ShowMissingComponent: [M:GestionAbsences.WinForms.view.FormPersonnel.btnAbsences_Click(System.Object,System.EventArgs)] Missing &lt;summary&gt; documentation
SHFB: Warning BE0066: ShowMissingComponent: [M:GestionAbsences.WinForms.view.FormPersonnel.btnAbsences_Click(System.Object,System.EventArgs)] Missing &lt;param name=&quot;sender&quot;/&gt; documentation
SHFB: Warning BE0066: ShowMissingComponent: [M:GestionAbsences.WinForms.view.FormPersonnel.btnAbsences_Click(System.Object,System.EventArgs)] Missing &lt;param name=&quot;e&quot;/&gt; documentation
SHFB: Warning BE0066: ShowMissingComponent: [F:GestionAbsences.WinForms.view.FormPersonnel.btnAbsencesTous] Missing &lt;summary&gt; documentation
SHFB: Warning BE0066: ShowMissingComponent: [M:GestionAbsences.WinForms.view.FormPersonnel.btnAbsencesTous_Click(System.Object,System.EventArgs)] Missing &lt;summary&gt; documentation
SHFB: Warning BE0066: ShowMissingComponent: [M:GestionAbsences.WinForms.view.FormPersonnel.btnAbsencesTous_Click(System.Object,System.EventArgs)] Missing &lt;param name=&quot;sender&quot;/&gt; documentation
SHFB: Warning BE0066: ShowMissingComponent: [M:GestionAbsences.WinForms.view.FormPersonnel.btnAbsencesTous_Click(System.Object,System.EventArgs)] Missing &lt;param name=&quot;e&quot;/&gt; documentation
SHFB: Warning BE0066: ShowMissingComponent: [F:GestionAbsences.WinForms.view.FormPersonnel.btnAjouter] Missing &lt;summary&gt; documentation
SHFB: Warning BE0066: ShowMissingComponent: [M:GestionAbsences.WinForms.view.FormPersonnel.btnAjouter_Click(System.Object,System.EventArgs)] Missing &lt;summary&gt; documentation
SHFB: Warning BE0066: ShowMissingComponent: [M:GestionAbsences.WinForms.view.FormPersonnel.btnAjouter_Click(System.Object,System.EventArgs)] Missing &lt;param name=&quot;sender&quot;/&gt; documentation
SHFB: Warning BE0066: ShowMissingComponent: [M:GestionAbsences.WinForms.view.FormPersonnel.btnAjouter_Click(System.Object,System.EventArgs)] Missing &lt;param name=&quot;e&quot;/&gt; documentation
SHFB: Warning BE0066: ShowMissingComponent: [F:GestionAbsences.WinForms.view.FormPersonnel.btnModifier] Missing &lt;summary&gt; documentation
SHFB: Warning BE0066: ShowMissingComponent: [M:GestionAbsences.WinForms.view.FormPersonnel.btnModifier_Click(System.Object,System.EventArgs)] Missing &lt;summary&gt; documentation
SHFB: Warning BE0066: ShowMissingComponent: [M:GestionAbsences.WinForms.view.FormPersonnel.btnModifier_Click(System.Object,System.EventArgs)] Missing &lt;param name=&quot;sender&quot;/&gt; documentation
SHFB: Warning BE0066: ShowMissingComponent: [M:GestionAbsences.WinForms.view.FormPersonnel.btnModifier_Click(System.Object,System.EventArgs)] Missing &lt;param name=&quot;e&quot;/&gt; documentation
SHFB: Warning BE0066: ShowMissingComponent: [F:GestionAbsences.WinForms.view.FormPersonnel.btnSupprimer] Missing &lt;summary&gt; documentation
SHFB: Warning BE0066: ShowMissingComponent: [M:GestionAbsences.WinForms.view.FormPersonnel.btnSupprimer_Click(System.Object,System.EventArgs)] Missing &lt;summary&gt; documentation
SHFB: Warning BE0066: ShowMissingComponent: [M:GestionAbsences.WinForms.view.FormPersonnel.btnSupprimer_Click(System.Object,System.EventArgs)] Missing &lt;param name=&quot;sender&quot;/&gt; documentation
SHFB: Warning BE0066: ShowMissingComponent: [M:GestionAbsences.WinForms.view.FormPersonnel.btnSupprimer_Click(System.Object,System.EventArgs)] Missing &lt;param name=&quot;e&quot;/&gt; documentation
SHFB: Warning BE0066: ShowMissingComponent: [M:GestionAbsences.WinForms.view.FormPersonnel.button3_Click(System.Object,System.EventArgs)] Missing &lt;summary&gt; documentation
SHFB: Warning BE0066: ShowMissingComponent: [M:GestionAbsences.WinForms.view.FormPersonnel.button3_Click(System.Object,System.EventArgs)] Missing &lt;param name=&quot;sender&quot;/&gt; documentation
SHFB: Warning BE0066: ShowMissingComponent: [M:GestionAbsences.WinForms.view.FormPersonnel.button3_Click(System.Object,System.EventArgs)] Missing &lt;param name=&quot;e&quot;/&gt; documentation
SHFB: Warning BE0066: ShowMissingComponent: [M:GestionAbsences.WinForms.view.FormPersonnel.ChargerListePersonnel] Missing &lt;summary&gt; documentation
SHFB: Warning BE0066: ShowMissingComponent: [F:GestionAbsences.WinForms.view.FormPersonnel.DataGridView] Missing &lt;summary&gt; documentation
SHFB: Warning BE0066: ShowMissingComponent: [M:GestionAbsences.WinForms.view.FormPersonnel.FormPersonnel_Load(System.Object,System.EventArgs)] Missing &lt;summary&gt; documentation
SHFB: Warning BE0066: ShowMissingComponent: [M:GestionAbsences.WinForms.view.FormPersonnel.FormPersonnel_Load(System.Object,System.EventArgs)] Missing &lt;param name=&quot;sender&quot;/&gt; documentation
SHFB: Warning BE0066: ShowMissingComponent: [M:GestionAbsences.WinForms.view.FormPersonnel.FormPersonnel_Load(System.Object,System.EventArgs)] Missing &lt;param name=&quot;e&quot;/&gt; documentation
SHFB: Warning BE0066: ShowMissingComponent: [F:GestionAbsences.WinForms.view.FormPersonnel.label4] Missing &lt;summary&gt; documentation
SHFB: Warning BE0066: ShowMissingComponent: [T:GestionAbsences.WinForms.view.FormTouteAbsences] Missing &lt;summary&gt; documentation
SHFB: Warning BE0066: ShowMissingComponent: [M:GestionAbsences.WinForms.view.FormTouteAbsences.ChargerToutesLesAbsences] Missing &lt;summary&gt; documentation
SHFB: Warning BE0066: ShowMissingComponent: [F:GestionAbsences.WinForms.view.FormTouteAbsences.dataGridViewAbsences] Missing &lt;summary&gt; documentation
SHFB: Warning BE0066: ShowMissingComponent: [M:GestionAbsences.WinForms.view.FormTouteAbsences.FormTouteAbsences_Load(System.Object,System.EventArgs)] Missing &lt;summary&gt; documentation
SHFB: Warning BE0066: ShowMissingComponent: [M:GestionAbsences.WinForms.view.FormTouteAbsences.FormTouteAbsences_Load(System.Object,System.EventArgs)] Missing &lt;param name=&quot;sender&quot;/&gt; documentation
SHFB: Warning BE0066: ShowMissingComponent: [M:GestionAbsences.WinForms.view.FormTouteAbsences.FormTouteAbsences_Load(System.Object,System.EventArgs)] Missing &lt;param name=&quot;e&quot;/&gt; documentation
SHFB: Warning BE0066: ShowMissingComponent: [F:GestionAbsences.WinForms.view.FormTouteAbsences.label3] Missing &lt;summary&gt; documentation
SHFB: Warning BE0066: ShowMissingComponent: [F:GestionAbsences.WinForms.view.FormTouteAbsences.label4] Missing &lt;summary&gt; documentation
Processed 307 topic(s)
250 warning(s)
CopyFromIndexComponent: &quot;reflection&quot; in-memory cache entries used: 5 of 15.
CopyFromIndexComponent: &quot;comments&quot; in-memory cache entries used: 4 of 30.
<plugIn name="Website Table of Contents Generator" behavior="After" priority="1000">
Generating TOC fragment files
</plugIn>    Last step completed in 00:00:09,9017
</buildStep>
<buildStep step="CopyStandardHelpContent">
Copying standard help content...
C:\Program Files (x86)\EWSoftware\Sandcastle Help File Builder\Components\Default2022\css\bulma.css -&gt; C:\Users\Utilisateur\Desktop\Help\Working\Output\Website\css\bulma.css
C:\Program Files (x86)\EWSoftware\Sandcastle Help File Builder\Components\Default2022\css\bulma.css.map -&gt; C:\Users\Utilisateur\Desktop\Help\Working\Output\Website\css\bulma.css.map
C:\Program Files (x86)\EWSoftware\Sandcastle Help File Builder\Components\Default2022\css\bulma.min.css -&gt; C:\Users\Utilisateur\Desktop\Help\Working\Output\Website\css\bulma.min.css
C:\Program Files (x86)\EWSoftware\Sandcastle Help File Builder\Components\Default2022\css\font-awesome.css -&gt; C:\Users\Utilisateur\Desktop\Help\Working\Output\Website\css\font-awesome.css
C:\Program Files (x86)\EWSoftware\Sandcastle Help File Builder\Components\Default2022\css\font-awesome.min.css -&gt; C:\Users\Utilisateur\Desktop\Help\Working\Output\Website\css\font-awesome.min.css
C:\Program Files (x86)\EWSoftware\Sandcastle Help File Builder\Components\Default2022\css\ja-JP.css -&gt; C:\Users\Utilisateur\Desktop\Help\Working\Output\Website\css\ja-JP.css
C:\Program Files (x86)\EWSoftware\Sandcastle Help File Builder\Components\Default2022\css\ko-KR.css -&gt; C:\Users\Utilisateur\Desktop\Help\Working\Output\Website\css\ko-KR.css
C:\Program Files (x86)\EWSoftware\Sandcastle Help File Builder\Components\Default2022\css\presentationStyle.css -&gt; C:\Users\Utilisateur\Desktop\Help\Working\Output\Website\css\presentationStyle.css
C:\Program Files (x86)\EWSoftware\Sandcastle Help File Builder\Components\Default2022\css\vs.min.css -&gt; C:\Users\Utilisateur\Desktop\Help\Working\Output\Website\css\vs.min.css
C:\Program Files (x86)\EWSoftware\Sandcastle Help File Builder\Components\Default2022\css\zh-CN.css -&gt; C:\Users\Utilisateur\Desktop\Help\Working\Output\Website\css\zh-CN.css
C:\Program Files (x86)\EWSoftware\Sandcastle Help File Builder\Components\Default2022\css\zh-TW.css -&gt; C:\Users\Utilisateur\Desktop\Help\Working\Output\Website\css\zh-TW.css
C:\Program Files (x86)\EWSoftware\Sandcastle Help File Builder\Components\Default2022\icons\favicon.ico -&gt; C:\Users\Utilisateur\Desktop\Help\Working\Output\Website\icons\favicon.ico
C:\Program Files (x86)\EWSoftware\Sandcastle Help File Builder\Components\Default2022\scripts\clipboard.min.js -&gt; C:\Users\Utilisateur\Desktop\Help\Working\Output\Website\scripts\clipboard.min.js
C:\Program Files (x86)\EWSoftware\Sandcastle Help File Builder\Components\Default2022\scripts\highlight.min.js -&gt; C:\Users\Utilisateur\Desktop\Help\Working\Output\Website\scripts\highlight.min.js
C:\Program Files (x86)\EWSoftware\Sandcastle Help File Builder\Components\Default2022\scripts\jquery-3.5.1.min.js -&gt; C:\Users\Utilisateur\Desktop\Help\Working\Output\Website\scripts\jquery-3.5.1.min.js
C:\Program Files (x86)\EWSoftware\Sandcastle Help File Builder\Components\Default2022\scripts\presentationStyle.js -&gt; C:\Users\Utilisateur\Desktop\Help\Working\Output\Website\scripts\presentationStyle.js
C:\Program Files (x86)\EWSoftware\Sandcastle Help File Builder\Components\Default2022\webfonts\fa-brands-400.ttf -&gt; C:\Users\Utilisateur\Desktop\Help\Working\Output\Website\webfonts\fa-brands-400.ttf
C:\Program Files (x86)\EWSoftware\Sandcastle Help File Builder\Components\Default2022\webfonts\fa-brands-400.woff2 -&gt; C:\Users\Utilisateur\Desktop\Help\Working\Output\Website\webfonts\fa-brands-400.woff2
C:\Program Files (x86)\EWSoftware\Sandcastle Help File Builder\Components\Default2022\webfonts\fa-regular-400.ttf -&gt; C:\Users\Utilisateur\Desktop\Help\Working\Output\Website\webfonts\fa-regular-400.ttf
C:\Program Files (x86)\EWSoftware\Sandcastle Help File Builder\Components\Default2022\webfonts\fa-regular-400.woff2 -&gt; C:\Users\Utilisateur\Desktop\Help\Working\Output\Website\webfonts\fa-regular-400.woff2
C:\Program Files (x86)\EWSoftware\Sandcastle Help File Builder\Components\Default2022\webfonts\fa-solid-900.ttf -&gt; C:\Users\Utilisateur\Desktop\Help\Working\Output\Website\webfonts\fa-solid-900.ttf
C:\Program Files (x86)\EWSoftware\Sandcastle Help File Builder\Components\Default2022\webfonts\fa-solid-900.woff2 -&gt; C:\Users\Utilisateur\Desktop\Help\Working\Output\Website\webfonts\fa-solid-900.woff2
C:\Program Files (x86)\EWSoftware\Sandcastle Help File Builder\Components\Default2022\webfonts\fa-v4compatibility.ttf -&gt; C:\Users\Utilisateur\Desktop\Help\Working\Output\Website\webfonts\fa-v4compatibility.ttf
C:\Program Files (x86)\EWSoftware\Sandcastle Help File Builder\Components\Default2022\webfonts\fa-v4compatibility.woff2 -&gt; C:\Users\Utilisateur\Desktop\Help\Working\Output\Website\webfonts\fa-v4compatibility.woff2
C:\Program Files (x86)\EWSoftware\Sandcastle Help File Builder\Components\Default2022\RootWebsiteContent\GeneralError.html -&gt; C:\Users\Utilisateur\Desktop\Help\Working\Output\Website\GeneralError.html
C:\Program Files (x86)\EWSoftware\Sandcastle Help File Builder\Components\Default2022\RootWebsiteContent\index.html -&gt; C:\Users\Utilisateur\Desktop\Help\Working\Output\Website\index.html
C:\Program Files (x86)\EWSoftware\Sandcastle Help File Builder\Components\Default2022\RootWebsiteContent\PageNotFound.html -&gt; C:\Users\Utilisateur\Desktop\Help\Working\Output\Website\PageNotFound.html
C:\Program Files (x86)\EWSoftware\Sandcastle Help File Builder\Components\Default2022\RootWebsiteContent\search.html -&gt; C:\Users\Utilisateur\Desktop\Help\Working\Output\Website\search.html
C:\Program Files (x86)\EWSoftware\Sandcastle Help File Builder\Components\Default2022\RootWebsiteContent\SearchHelp.aspx -&gt; C:\Users\Utilisateur\Desktop\Help\Working\Output\Website\SearchHelp.aspx
C:\Program Files (x86)\EWSoftware\Sandcastle Help File Builder\Components\Default2022\RootWebsiteContent\SearchHelp.inc.php -&gt; C:\Users\Utilisateur\Desktop\Help\Working\Output\Website\SearchHelp.inc.php
C:\Program Files (x86)\EWSoftware\Sandcastle Help File Builder\Components\Default2022\RootWebsiteContent\SearchHelp.php -&gt; C:\Users\Utilisateur\Desktop\Help\Working\Output\Website\SearchHelp.php
C:\Program Files (x86)\EWSoftware\Sandcastle Help File Builder\Components\Default2022\RootWebsiteContent\Web.Config -&gt; C:\Users\Utilisateur\Desktop\Help\Working\Output\Website\Web.Config
    Last step completed in 00:00:00,0469
</buildStep>
<buildStep step="GenerateFullTextIndex">
Generating full-text index for the website...

    Last step completed in 00:00:00,4805
</buildStep>
<buildStep step="CopyingWebsiteFiles">
Copying website files to output folder...

Copied 445 files for the website content
    Last step completed in 00:00:00,5410
</buildStep>
<buildStep step="CleanIntermediates">
Removing intermediate files...
    Last step completed in 00:00:00,3147
</buildStep>
<buildStep step="Completed">

Build completed successfully at 03/06/2025 21:28:50.  Total time: 00:00:15,6850

</buildStep>
</shfbBuild>
